<?xml version="1.0" encoding="UTF-8"?>
<!-- Generated by org.testng.reporters.JUnitReportReporter -->
<testsuite hostname="DESKTOP-LVC5N78" failures="0" tests="3" name="testng.parameterization.DataProviderDemo" time="159.760" errors="0" timestamp="2024-09-01T14:50:26 IST" skipped="0">
  <testcase classname="testng.parameterization.DataProviderDemo" name="verifyParameterizationCases" time="40.505"/>
  <testcase classname="testng.parameterization.DataProviderDemo" name="verifyParameterizationCases" time="89.269"/>
  <testcase classname="testng.parameterization.DataProviderDemo" name="verifyParameterizationCases" time="29.986"/>
</testsuite> <!-- testng.parameterization.DataProviderDemo -->
