<?xml version="1.0" encoding="UTF-8"?>
<!-- Generated by org.testng.reporters.JUnitReportReporter -->
<testsuite hostname="DESKTOP-LVC5N78" failures="0" tests="1" name="testng.parameterization.ParameterExample" time="86.224" errors="0" timestamp="2024-09-01T14:50:26 IST" skipped="0">
  <testcase classname="testng.parameterization.ParameterExample" name="verifyParameterizationCases" time="86.224"/>
</testsuite> <!-- testng.parameterization.ParameterExample -->
